<?xml version="1.0" encoding="UTF-8"?>
<testng-results ignored="0" total="1" passed="1" failed="0" skipped="0">
  <reporter-output>
  </reporter-output>
  <suite started-at="2024-06-11T21:02:51 IST" name="Suite" finished-at="2024-06-11T21:03:04 IST" duration-ms="12473">
    <groups>
    </groups>
    <test started-at="2024-06-11T21:02:51 IST" name="Test" finished-at="2024-06-11T21:03:04 IST" duration-ms="12473">
      <class name="com.adactinhotelapp.testscripts.regression.ValidateLoginUsingPOMAndDataProvider">
        <test-method is-config="true" signature="fileSetUp()[pri:0, instance:com.adactinhotelapp.testscripts.regression.ValidateLoginUsingPOMAndDataProvider@4d1c005e]" started-at="2024-06-11T21:02:51 IST" name="fileSetUp" finished-at="2024-06-11T21:02:52 IST" duration-ms="736" status="PASS">
          <reporter-output>
          </reporter-output>
        </test-method> <!-- fileSetUp -->
        <test-method is-config="true" signature="setUp(org.testng.ITestContext)[pri:0, instance:com.adactinhotelapp.testscripts.regression.ValidateLoginUsingPOMAndDataProvider@4d1c005e]" started-at="2024-06-11T21:02:54 IST" name="setUp" finished-at="2024-06-11T21:03:01 IST" duration-ms="7351" status="PASS">
          <params>
            <param index="0">
              <value>
                <![CDATA[org.testng.TestRunner@2f95653f]]>
              </value>
            </param>
          </params>
          <reporter-output>
          </reporter-output>
        </test-method> <!-- setUp -->
        <test-method signature="validateLoginTest(java.util.HashMap)[pri:0, instance:com.adactinhotelapp.testscripts.regression.ValidateLoginUsingPOMAndDataProvider@4d1c005e]" started-at="2024-06-11T21:03:01 IST" name="validateLoginTest" data-provider="getData" finished-at="2024-06-11T21:03:03 IST" duration-ms="1428" status="PASS">
          <params>
            <param index="0">
              <value>
                <![CDATA[{expTitle=Adactin.com - Search Hotel, password=reyaz123, username=reyaz0806}]]>
              </value>
            </param>
          </params>
          <reporter-output>
          </reporter-output>
        </test-method> <!-- validateLoginTest -->
        <test-method is-config="true" signature="teardown()[pri:0, instance:com.adactinhotelapp.testscripts.regression.ValidateLoginUsingPOMAndDataProvider@4d1c005e]" started-at="2024-06-11T21:03:03 IST" name="teardown" finished-at="2024-06-11T21:03:03 IST" duration-ms="329" status="PASS">
          <reporter-output>
          </reporter-output>
        </test-method> <!-- teardown -->
        <test-method is-config="true" signature="closeReports()[pri:0, instance:com.adactinhotelapp.testscripts.regression.ValidateLoginUsingPOMAndDataProvider@4d1c005e]" started-at="2024-06-11T21:03:03 IST" name="closeReports" finished-at="2024-06-11T21:03:04 IST" duration-ms="738" status="PASS">
          <reporter-output>
          </reporter-output>
        </test-method> <!-- closeReports -->
      </class> <!-- com.adactinhotelapp.testscripts.regression.ValidateLoginUsingPOMAndDataProvider -->
    </test> <!-- Test -->
  </suite> <!-- Suite -->
</testng-results>
