<?xml version="1.0" encoding="UTF-8"?>
<testng-results ignored="0" total="1" passed="1" failed="0" skipped="0">
  <reporter-output>
  </reporter-output>
  <suite started-at="2024-05-31T21:35:47 IST" name="Default suite" finished-at="2024-05-31T21:35:55 IST" duration-ms="8549">
    <groups>
    </groups>
    <test started-at="2024-05-31T21:35:47 IST" name="Default test" finished-at="2024-05-31T21:35:55 IST" duration-ms="8549">
      <class name="com.adactinhotelapp.testscripts.regression.ValidateLoginUsingPOMAndDataProvider">
        <test-method is-config="true" signature="fileSetUp()[pri:0, instance:com.adactinhotelapp.testscripts.regression.ValidateLoginUsingPOMAndDataProvider@7e057f43]" started-at="2024-05-31T21:35:47 IST" name="fileSetUp" finished-at="2024-05-31T21:35:47 IST" duration-ms="16" status="PASS">
          <reporter-output>
          </reporter-output>
        </test-method> <!-- fileSetUp -->
        <test-method is-config="true" signature="setUp()[pri:0, instance:com.adactinhotelapp.testscripts.regression.ValidateLoginUsingPOMAndDataProvider@7e057f43]" started-at="2024-05-31T21:35:48 IST" name="setUp" finished-at="2024-05-31T21:35:54 IST" duration-ms="6109" status="PASS">
          <reporter-output>
          </reporter-output>
        </test-method> <!-- setUp -->
        <test-method signature="validateLoginTest(java.util.HashMap)[pri:0, instance:com.adactinhotelapp.testscripts.regression.ValidateLoginUsingPOMAndDataProvider@7e057f43]" started-at="2024-05-31T21:35:54 IST" name="validateLoginTest" data-provider="getData" finished-at="2024-05-31T21:35:55 IST" duration-ms="1006" status="PASS">
          <params>
            <param index="0">
              <value>
                <![CDATA[{expTitle=Adactin.com - Search Hotel, password=reyaz123, username=reyaz0806}]]>
              </value>
            </param>
          </params>
          <reporter-output>
          </reporter-output>
        </test-method> <!-- validateLoginTest -->
        <test-method is-config="true" signature="teardown()[pri:0, instance:com.adactinhotelapp.testscripts.regression.ValidateLoginUsingPOMAndDataProvider@7e057f43]" started-at="2024-05-31T21:35:55 IST" name="teardown" finished-at="2024-05-31T21:35:55 IST" duration-ms="306" status="PASS">
          <reporter-output>
          </reporter-output>
        </test-method> <!-- teardown -->
      </class> <!-- com.adactinhotelapp.testscripts.regression.ValidateLoginUsingPOMAndDataProvider -->
    </test> <!-- Default test -->
  </suite> <!-- Default suite -->
</testng-results>
